<?xml version="1.0" encoding="UTF-8"?>
<!-- Generated by org.testng.reporters.JUnitReportReporter -->
<testsuite hostname="Alephs-MacBook-Pro.local" failures="0" tests="2" name="Lab_7_Selenium.Lab7DemoTest" time="33.927" errors="0" timestamp="2023-03-15T15:33:31 ICT" skipped="0">
  <testcase classname="Lab_7_Selenium.Lab7DemoTest" name="TC01_LoginFirstAccount" time="16.724"/>
  <system-out/>
  <testcase classname="Lab_7_Selenium.Lab7DemoTest" name="TC02_LoginSecondAccount" time="17.203"/>
  <system-out/>
</testsuite> <!-- Lab_7_Selenium.Lab7DemoTest -->
