<?xml version="1.0" encoding="UTF-8"?>
<!-- Generated by org.testng.reporters.JUnitReportReporter -->
<testsuite hostname="Alephs-MacBook-Pro.local" failures="0" tests="7" name="demo.Example1Test" time="7.821" errors="0" timestamp="2023-03-19T13:45:16 ICT" skipped="0">
  <testcase classname="demo.Example1Test" name="TC04_verifyOnMatchingName" time="2.569"/>
  <system-out/>
  <testcase classname="demo.Example1Test" name="TC02_IdChecked" time="1.679"/>
  <system-out/>
  <testcase classname="demo.Example1Test" name="TC05_verifyOnMatchingGender" time="0.655"/>
  <system-out/>
  <testcase classname="demo.Example1Test" name="TC03_CreatedAtChecked" time="0.676"/>
  <system-out/>
  <testcase classname="demo.Example1Test" name="TC06_verifyOnMatchingAge" time="0.734"/>
  <system-out/>
  <testcase classname="demo.Example1Test" name="TC07_verifyOnMatchingJob" time="0.872"/>
  <system-out/>
  <testcase classname="demo.Example1Test" name="TC01_StatusCodeTest" time="0.636"/>
  <system-out/>
</testsuite> <!-- demo.Example1Test -->
