<?xml version="1.0" encoding="UTF-8"?>
<!-- Generated by org.testng.reporters.JUnitReportReporter -->
<testsuite hostname="Alephs-MacBook-Pro.local" failures="0" tests="2" name="Lab5.Lab5" time="3.860" errors="0" timestamp="2023-03-02T15:06:57 ICT" skipped="0">
  <testcase classname="Lab5.Lab5" name="TC02_searchButton" time="1.756"/>
  <system-out/>
  <testcase classname="Lab5.Lab5" name="TC01_inputGoogleSearch" time="2.104"/>
  <system-out/>
</testsuite> <!-- Lab5.Lab5 -->
